{"/Users/diegoleandrorey/BootCamp/Testing/src/calculadora.js": {"path":"/Users/diegoleandrorey/BootCamp/Testing/src/calculadora.js","statementMap":{"0":{"start":{"line":1,"column":0},"end":{"line":14,"column":2}},"1":{"start":{"line":2,"column":22},"end":{"line":2,"column":27}},"2":{"start":{"line":3,"column":23},"end":{"line":3,"column":28}},"3":{"start":{"line":6,"column":8},"end":{"line":10,"column":9}},"4":{"start":{"line":7,"column":12},"end":{"line":7,"column":24}},"5":{"start":{"line":9,"column":12},"end":{"line":9,"column":48}},"6":{"start":{"line":12,"column":28},"end":{"line":12,"column":33}},"7":{"start":{"line":13,"column":25},"end":{"line":13,"column":34}}},"fnMap":{"0":{"name":"(anonymous_0)","decl":{"start":{"line":2,"column":11},"end":{"line":2,"column":12}},"loc":{"start":{"line":2,"column":22},"end":{"line":2,"column":27}},"line":2},"1":{"name":"(anonymous_1)","decl":{"start":{"line":3,"column":12},"end":{"line":3,"column":13}},"loc":{"start":{"line":3,"column":23},"end":{"line":3,"column":28}},"line":3},"2":{"name":"(anonymous_2)","decl":{"start":{"line":5,"column":13},"end":{"line":5,"column":14}},"loc":{"start":{"line":5,"column":24},"end":{"line":11,"column":5}},"line":5},"3":{"name":"(anonymous_3)","decl":{"start":{"line":12,"column":17},"end":{"line":12,"column":18}},"loc":{"start":{"line":12,"column":28},"end":{"line":12,"column":33}},"line":12},"4":{"name":"(anonymous_4)","decl":{"start":{"line":13,"column":14},"end":{"line":13,"column":15}},"loc":{"start":{"line":13,"column":25},"end":{"line":13,"column":34}},"line":13}},"branchMap":{"0":{"loc":{"start":{"line":6,"column":8},"end":{"line":10,"column":9}},"type":"if","locations":[{"start":{"line":6,"column":8},"end":{"line":10,"column":9}},{"start":{"line":8,"column":15},"end":{"line":10,"column":9}}],"line":6}},"s":{"0":1,"1":2,"2":1,"3":2,"4":1,"5":1,"6":1,"7":1},"f":{"0":2,"1":1,"2":2,"3":1,"4":1},"b":{"0":[1,1]},"_coverageSchema":"1a1c01bbd47fc00a2c39e90264f33305004495a9","hash":"cb77f7235e23c1e89ea553a2328048dbf1cdfc6b"}
}
